info: 7/15/2020, 7:05:35 PM: [AppController] Initializing enroll admin function.
info: 7/15/2020, 7:07:27 PM: [AppController] Initializing enroll admin function.
info: 7/15/2020, 7:07:27 PM: [AppController] Start Hello
info: 7/15/2020, 7:08:11 PM: [AppController] Initializing register user function.
info: 7/15/2020, 7:10:09 PM: [AppController] Initializing enroll admin function.
info: 7/15/2020, 7:10:09 PM: [AppController] Start Hello
info: 7/15/2020, 7:10:25 PM: [AppController] Initializing register user function.
info: 7/15/2020, 7:10:36 PM: [AppController] Initializing register user function.
info: 7/15/2020, 7:11:29 PM: [AppController] Initializing invoke function.
info: 7/15/2020, 7:11:58 PM: [AppController] Initializing invoke function.
info: 7/15/2020, 7:16:45 PM: [AppController] Initializing query function.
info: 7/15/2020, 7:16:45 PM: [Query] Start query data.
info: 7/15/2020, 7:17:57 PM: [AppController] Initializing query function.
info: 7/15/2020, 7:17:57 PM: [Query] Start query data.
info: 7/15/2020, 7:19:27 PM: [AppController] Initializing query function.
info: 7/15/2020, 7:19:27 PM: [Query] Start query data.
info: 7/15/2020, 7:19:35 PM: [AppController] Initializing query function.
info: 7/15/2020, 7:19:35 PM: [Query] Start query data.
info: 7/15/2020, 7:21:25 PM: [AppController] Initializing query function.
info: 7/15/2020, 7:21:25 PM: [Query] Start query data.
info: 7/15/2020, 7:21:31 PM: [AppController] Initializing query function.
info: 7/15/2020, 7:21:31 PM: [Query] Start query data.
info: 7/15/2020, 7:21:33 PM: [AppController] Initializing query function.
info: 7/15/2020, 7:21:33 PM: [Query] Start query data.
info: 7/15/2020, 7:21:34 PM: [AppController] Initializing query function.
info: 7/15/2020, 7:21:34 PM: [Query] Start query data.
info: 7/15/2020, 7:22:38 PM: [AppController] Initializing enroll admin function.
info: 7/15/2020, 7:22:38 PM: [AppController] Start Hello
info: 7/15/2020, 7:22:39 PM: [AppController] Initializing enroll admin function.
info: 7/15/2020, 7:22:39 PM: [AppController] Start Hello
info: 7/15/2020, 7:23:03 PM: [AppController] Initializing register user function.
info: 7/15/2020, 7:23:47 PM: [AppController] Initializing query function.
info: 7/15/2020, 7:23:47 PM: [Query] Start query data.
info: 7/15/2020, 7:24:55 PM: [AppController] Initializing query function.
info: 7/15/2020, 7:24:55 PM: [Query] Start query data.
info: 7/15/2020, 7:25:19 PM: [AppController] Initializing enroll admin function.
info: 7/15/2020, 7:25:19 PM: [AppController] Start Hello
info: 7/15/2020, 7:25:28 PM: [AppController] Initializing register user function.
info: 7/15/2020, 7:29:06 PM: [AppController] Initializing enroll admin function.
info: 7/15/2020, 7:29:06 PM: [AppController] Start Hello
info: 7/15/2020, 7:29:25 PM: [AppController] Initializing register user function.
info: 7/15/2020, 7:30:06 PM: [AppController] Initializing query function.
info: 7/15/2020, 7:30:06 PM: [Query] Start query data.
info: 7/15/2020, 7:30:16 PM: [AppController] Initializing query function.
info: 7/15/2020, 7:30:16 PM: [Query] Start query data.
info: 7/15/2020, 7:33:21 PM: [AppController] Initializing enroll admin function.
info: 7/15/2020, 7:33:21 PM: [AppController] Start Hello
info: 7/15/2020, 7:33:54 PM: [AppController] Initializing register user function.
info: 7/15/2020, 7:35:22 PM: [AppController] Initializing invoke function.
info: 7/15/2020, 7:35:35 PM: [AppController] Initializing query function.
info: 7/15/2020, 7:35:35 PM: [Query] Start query data.
info: 7/15/2020, 7:48:52 PM: [AppController] Initializing query function.
info: 7/15/2020, 7:48:52 PM: [Query] Start query data.
info: 7/15/2020, 7:48:52 PM: [Query] Query data successfully.
info: 7/15/2020, 7:49:17 PM: [AppController] Initializing query function.
info: 7/15/2020, 7:49:17 PM: [Query] Start query data.
info: 7/15/2020, 7:49:17 PM: [Query] Query data successfully.
info: 7/15/2020, 8:08:57 PM: [AppController] Initializing query function.
info: 7/15/2020, 8:08:57 PM: [Query] Start query data.
info: 7/15/2020, 8:08:57 PM: [Query] Query data successfully.
info: 7/15/2020, 8:16:56 PM: [AppController] Initializing enroll admin function.
info: 7/15/2020, 8:16:56 PM: [EnrollAdmin] Start enroll admin.
info: 7/15/2020, 8:16:56 PM: [EnrollAdmin] Successfully enrolled admin user "admin" and imported it into the wallet.
info: 7/15/2020, 8:16:56 PM: [AppController] Start Hello
info: Successfully enrolled admin user "admin" and imported it into the wallet
info: 7/15/2020, 8:17:19 PM: [AppController] Initializing register user function.
info: 7/15/2020, 8:17:38 PM: [AppController] Initializing query function.
info: 7/15/2020, 8:17:38 PM: [Query] Start query data.
info: 7/15/2020, 8:17:38 PM: [Query] Query data successfully.
info: 7/15/2020, 8:17:45 PM: [AppController] Initializing query function.
info: 7/15/2020, 8:17:45 PM: [Query] Start query data.
info: 7/15/2020, 8:17:45 PM: [Query] Query data successfully.
info: 7/16/2020, 12:33:54 PM: [AppController] Initializing query function.
info: 7/16/2020, 12:33:54 PM: [Query] Start query data.
info: 7/16/2020, 12:33:54 PM: [Query] Query data successfully.
info: 7/16/2020, 12:45:52 PM: [AppController] Initializing enroll admin function.
info: 7/16/2020, 12:45:52 PM: [EnrollAdmin] Start enroll admin.
info: 7/16/2020, 12:45:53 PM: [EnrollAdmin] Successfully enrolled admin user "admin" and imported it into the wallet.
info: 7/16/2020, 12:45:53 PM: [AppController] Start Hello
info: Successfully enrolled admin user "admin" and imported it into the wallet
info: 7/16/2020, 12:46:20 PM: [AppController] Initializing register user function.
info: 7/16/2020, 12:47:14 PM: [AppController] Initializing invoke function.
info: 7/16/2020, 12:47:14 PM: [Invoke] Start invoke new data.
info: 7/16/2020, 12:47:16 PM: [Invoke] Invoke successful.
info: 7/16/2020, 12:47:43 PM: [AppController] Initializing query function.
info: 7/16/2020, 12:47:43 PM: [Query] Start query data.
info: 7/16/2020, 12:47:43 PM: [Query] Query data successfully.
info: 7/16/2020, 12:47:54 PM: [AppController] Initializing query function.
info: 7/16/2020, 12:47:54 PM: [Query] Start query data.
info: 7/16/2020, 12:51:33 PM: [AppController] Initializing query function.
info: 7/16/2020, 12:51:33 PM: [Query] Start query data.
info: 7/16/2020, 12:51:34 PM: [Query] Query data successfully.
info: 7/16/2020, 2:24:57 PM: [AppController] Initializing invoke function.
info: 7/16/2020, 2:24:57 PM: [Invoke] Start invoke new data.
info: 7/16/2020, 2:25:34 PM: [AppController] Initializing enroll admin function.
info: 7/16/2020, 2:25:34 PM: [EnrollAdmin] Start enroll admin.
info: An identity for the admin user "admin" already exists in the wallet
info: 7/16/2020, 2:25:34 PM: [AppController] Start Hello
info: 7/16/2020, 2:26:21 PM: [AppController] Initializing invoke function.
info: 7/16/2020, 2:26:21 PM: [Invoke] Start invoke new data.
info: 7/16/2020, 2:33:27 PM: [AppController] Initializing enroll admin function.
info: 7/16/2020, 2:33:27 PM: [EnrollAdmin] Start enroll admin.
info: An identity for the admin user "admin" already exists in the wallet
info: 7/16/2020, 2:33:27 PM: [AppController] Start Hello
info: 7/16/2020, 2:33:40 PM: [AppController] Initializing query function.
info: 7/16/2020, 2:33:40 PM: [Query] Start query data.
info: 7/16/2020, 2:33:41 PM: [Query] Query data successfully.
info: 7/16/2020, 2:35:30 PM: [AppController] Initializing query function.
info: 7/16/2020, 2:35:30 PM: [Query] Start query data.
info: 7/16/2020, 2:35:31 PM: [Query] Query data successfully.
info: 7/16/2020, 2:35:46 PM: [AppController] Initializing query function.
info: 7/16/2020, 2:35:46 PM: [Query] Start query data.
info: 7/16/2020, 2:35:46 PM: [Query] Query data successfully.
info: 7/16/2020, 2:37:44 PM: [AppController] Initializing query function.
info: 7/16/2020, 2:37:44 PM: [Query] Start query data.
info: 7/16/2020, 2:37:45 PM: [Query] Query data successfully.
info: 7/16/2020, 2:42:37 PM: [AppController] Initializing query function.
info: 7/16/2020, 2:42:37 PM: [Query] Start query data.
info: 7/16/2020, 2:42:37 PM: [Query] Query data successfully.
info: 7/16/2020, 3:15:25 PM: [AppController] Initializing query function.
info: 7/16/2020, 3:15:25 PM: [Query] Start query data.
info: 7/16/2020, 3:15:26 PM: [Query] Query data successfully.
info: 7/16/2020, 3:24:59 PM: [AppController] Initializing invoke function.
info: 7/16/2020, 3:24:59 PM: [Invoke] Start invoke new data.
info: 7/16/2020, 3:25:02 PM: [Invoke] Invoke successful.
info: 7/16/2020, 3:30:29 PM: [AppController] Initializing enroll admin function.
info: 7/16/2020, 3:30:29 PM: [EnrollAdmin] Start enroll admin.
info: 7/16/2020, 3:32:36 PM: [AppController] Initializing enroll admin function.
info: 7/16/2020, 3:32:36 PM: [EnrollAdmin] Start enroll admin.
info: 7/16/2020, 3:33:22 PM: [AppController] Initializing enroll admin function.
info: 7/16/2020, 3:33:22 PM: [EnrollAdmin] Start enroll admin.
info: 7/16/2020, 3:33:53 PM: [AppController] Initializing enroll admin function.
info: 7/16/2020, 3:33:53 PM: [EnrollAdmin] Start enroll admin.
info: 7/16/2020, 3:35:31 PM: [AppController] Initializing enroll admin function.
info: 7/16/2020, 3:35:31 PM: [EnrollAdmin] Start enroll admin.
info: An identity for the admin user "admin" already exists in the wallet
info: 7/16/2020, 3:35:31 PM: [AppController] Start Hello
info: 7/16/2020, 3:44:37 PM: [AppController] Initializing enroll admin function.
info: 7/16/2020, 3:44:37 PM: [EnrollAdmin] Start enroll admin.
info: 7/16/2020, 3:44:38 PM: [EnrollAdmin] Successfully enrolled admin user "admin" and imported it into the wallet.
info: 7/16/2020, 3:44:38 PM: [AppController] Start Hello
info: Successfully enrolled admin user "admin" and imported it into the wallet
info: 7/16/2020, 3:44:59 PM: [AppController] Initializing query function.
info: 7/16/2020, 3:44:59 PM: [Query] Start query data.
info: 7/16/2020, 3:44:59 PM: [Query] Query data successfully.
info: 7/16/2020, 3:49:07 PM: [AppController] Initializing enroll admin function.
info: 7/16/2020, 3:49:07 PM: [EnrollAdmin] Start enroll admin.
info: 7/16/2020, 3:49:07 PM: [EnrollAdmin] Successfully enrolled admin user "admin" and imported it into the wallet.
info: 7/16/2020, 3:49:07 PM: [AppController] Start Hello
info: Successfully enrolled admin user "admin" and imported it into the wallet
info: 7/16/2020, 3:49:31 PM: [AppController] Initializing register user function.
info: 7/16/2020, 3:49:31 PM: [User] Start registering user.
info: 7/16/2020, 3:49:54 PM: [AppController] Initializing invoke function.
info: 7/16/2020, 3:49:54 PM: [Invoke] Start invoke new data.
info: 7/16/2020, 3:49:57 PM: [Invoke] Invoke successful.
info: 7/16/2020, 3:50:10 PM: [AppController] Initializing query function.
info: 7/16/2020, 3:50:10 PM: [Query] Start query data.
info: 7/16/2020, 3:50:28 PM: [AppController] Initializing query function.
info: 7/16/2020, 3:50:28 PM: [Query] Start query data.
info: 7/16/2020, 3:50:28 PM: [Query] Query data successfully.
info: 7/16/2020, 3:58:22 PM: [AppController] Initializing enroll admin function.
info: 7/16/2020, 3:58:22 PM: [EnrollAdmin] Start enroll admin.
info: 7/16/2020, 3:58:34 PM: [AppController] Initializing enroll admin function.
info: 7/16/2020, 3:58:34 PM: [EnrollAdmin] Start enroll admin.
info: 7/16/2020, 4:02:49 PM: [AppController] Initializing enroll admin function.
info: 7/16/2020, 4:02:49 PM: [EnrollAdmin] Start enroll admin.
info: 7/16/2020, 4:04:00 PM: [AppController] Initializing enroll admin function.
info: 7/16/2020, 4:04:00 PM: [EnrollAdmin] Start enroll admin.
info: 7/16/2020, 4:04:00 PM: [AppController] Start Hello
info: 7/16/2020, 4:05:13 PM: [AppController] Initializing enroll admin function.
info: 7/16/2020, 4:05:13 PM: [EnrollAdmin] Start enroll admin.
info: 7/16/2020, 4:06:39 PM: [AppController] Initializing enroll admin function.
info: 7/16/2020, 4:06:39 PM: [EnrollAdmin] Start enroll admin.
info: 7/16/2020, 4:06:39 PM: [AppController] Start Hello
info: 7/16/2020, 4:06:56 PM: [AppController] Initializing register user function.
info: 7/16/2020, 4:06:56 PM: [User] Start registering user.
info: 7/16/2020, 4:07:00 PM: [AppController] Initializing register user function.
info: 7/16/2020, 4:07:00 PM: [User] Start registering user.
info: 7/16/2020, 4:07:18 PM: [AppController] Initializing register user function.
info: 7/16/2020, 4:07:18 PM: [User] Start registering user.
info: 7/16/2020, 4:19:13 PM: [AppController] Initializing enroll admin function.
info: 7/16/2020, 4:19:13 PM: [EnrollAdmin] Start enroll admin.
info: 7/16/2020, 4:19:13 PM: [EnrollAdmin] Successfully enrolled admin user "admin" and imported it into the wallet.
info: 7/16/2020, 4:19:13 PM: [AppController] Start Hello
info: Successfully enrolled admin user "admin" and imported it into the wallet
info: 7/16/2020, 4:26:20 PM: [AppController] Initializing enroll admin function.
info: 7/16/2020, 4:26:20 PM: [EnrollAdmin] Start enroll admin.
info: An identity for the admin user "admin" already exists in the wallet
info: 7/16/2020, 4:26:20 PM: [AppController] Start Hello
info: 7/16/2020, 4:26:25 PM: [AppController] Initializing enroll admin function.
info: 7/16/2020, 4:26:25 PM: [EnrollAdmin] Start enroll admin.
info: An identity for the admin user "admin" already exists in the wallet
info: 7/16/2020, 4:26:25 PM: [AppController] Start Hello
info: 7/16/2020, 4:26:46 PM: [AppController] Initializing register user function.
info: 7/16/2020, 4:26:46 PM: [User] Start registering user.
info: 7/16/2020, 4:27:12 PM: [AppController] Initializing invoke function.
info: 7/16/2020, 4:27:12 PM: [Invoke] Start invoke new data.
info: 7/16/2020, 4:27:15 PM: [Invoke] Invoke successful.
info: 7/16/2020, 4:27:32 PM: [AppController] Initializing query function.
info: 7/16/2020, 4:27:32 PM: [Query] Start query data.
info: 7/16/2020, 4:27:32 PM: [Query] Query data successfully.
info: 7/16/2020, 4:29:54 PM: [AppController] Initializing enroll admin function.
info: 7/16/2020, 4:29:54 PM: [EnrollAdmin] Start enroll admin.
info: 7/16/2020, 4:29:55 PM: [EnrollAdmin] Successfully enrolled admin user "admin" and imported it into the wallet.
info: 7/16/2020, 4:29:55 PM: [AppController] Start Hello
info: Successfully enrolled admin user "admin" and imported it into the wallet
info: 7/16/2020, 4:30:17 PM: [AppController] Initializing enroll admin function.
info: 7/16/2020, 4:30:17 PM: [EnrollAdmin] Start enroll admin.
info: 7/16/2020, 4:30:17 PM: [EnrollAdmin] Successfully enrolled admin user "admin" and imported it into the wallet.
info: 7/16/2020, 4:30:17 PM: [AppController] Start Hello
info: Successfully enrolled admin user "admin" and imported it into the wallet
info: 7/16/2020, 4:30:27 PM: [AppController] Initializing enroll admin function.
info: 7/16/2020, 4:30:27 PM: [EnrollAdmin] Start enroll admin.
info: 7/16/2020, 4:30:27 PM: [EnrollAdmin] Successfully enrolled admin user "admin" and imported it into the wallet.
info: 7/16/2020, 4:30:27 PM: [AppController] Start Hello
info: Successfully enrolled admin user "admin" and imported it into the wallet
info: 7/16/2020, 4:30:44 PM: [AppController] Initializing enroll admin function.
info: 7/16/2020, 4:30:44 PM: [EnrollAdmin] Start enroll admin.
info: An identity for the admin user "admin" already exists in the wallet
info: 7/16/2020, 4:30:44 PM: [AppController] Start Hello
info: 7/16/2020, 7:26:36 PM: [AppController] Initializing enroll admin function.
info: 7/16/2020, 7:26:36 PM: [EnrollAdmin] Start enroll admin.
info: 7/16/2020, 7:26:36 PM: [EnrollAdmin] Successfully enrolled admin user "admin" and imported it into the wallet.
info: 7/16/2020, 7:26:36 PM: [AppController] Start Hello
info: Successfully enrolled admin user "admin" and imported it into the wallet
info: 7/17/2020, 4:06:55 PM: [AppController] Initializing enroll admin function.
info: 7/17/2020, 4:06:55 PM: [EnrollAdmin] Start enroll admin.
info: 7/17/2020, 4:06:56 PM: [EnrollAdmin] Successfully enrolled admin user "admin" and imported it into the wallet.
info: 7/17/2020, 4:06:56 PM: [AppController] Start Hello
info: Successfully enrolled admin user "admin" and imported it into the wallet
info: 7/17/2020, 4:07:29 PM: [AppController] Initializing query function.
info: 7/17/2020, 4:07:29 PM: [Query] Start query data.
info: 7/17/2020, 4:07:30 PM: [Query] Query data successfully.
info: 7/17/2020, 5:14:59 PM: [AppController] Initializing query function.
info: 7/17/2020, 5:14:59 PM: [Query] Start query data.
info: 7/17/2020, 5:21:03 PM: [AppController] Initializing query function.
info: 7/17/2020, 5:21:03 PM: [Query] Start query data.
info: 7/17/2020, 5:21:54 PM: [AppController] Initializing query function.
info: 7/17/2020, 5:21:54 PM: [Query] Start query data.
info: 7/17/2020, 6:19:46 PM: [AppController] Initializing query function.
info: 7/17/2020, 6:19:46 PM: [Query] Start query data.
info: 7/17/2020, 6:20:05 PM: [AppController] Initializing enroll admin function.
info: 7/17/2020, 6:20:05 PM: [EnrollAdmin] Start enroll admin.
info: 7/17/2020, 6:20:06 PM: [EnrollAdmin] Successfully enrolled admin user "admin" and imported it into the wallet.
info: 7/17/2020, 6:20:06 PM: [AppController] Start Hello
info: Successfully enrolled admin user "admin" and imported it into the wallet
info: 7/17/2020, 6:20:12 PM: [AppController] Initializing query function.
info: 7/17/2020, 6:20:12 PM: [Query] Start query data.
info: 7/17/2020, 6:21:57 PM: [AppController] Initializing enroll admin function.
info: 7/17/2020, 6:21:57 PM: [EnrollAdmin] Start enroll admin.
info: An identity for the admin user "admin" already exists in the wallet
info: 7/17/2020, 6:21:57 PM: [AppController] Start Hello
info: 7/17/2020, 6:22:06 PM: [AppController] Initializing enroll admin function.
info: 7/17/2020, 6:22:06 PM: [EnrollAdmin] Start enroll admin.
info: An identity for the admin user "admin" already exists in the wallet
info: 7/17/2020, 6:22:06 PM: [AppController] Start Hello
info: 7/17/2020, 6:22:23 PM: [AppController] Initializing enroll admin function.
info: 7/17/2020, 6:22:23 PM: [EnrollAdmin] Start enroll admin.
info: An identity for the admin user "admin" already exists in the wallet
info: 7/17/2020, 6:22:23 PM: [AppController] Start Hello
info: 7/17/2020, 6:22:33 PM: [AppController] Initializing enroll admin function.
info: 7/17/2020, 6:22:33 PM: [EnrollAdmin] Start enroll admin.
info: An identity for the admin user "admin" already exists in the wallet
info: 7/17/2020, 6:22:33 PM: [AppController] Start Hello
info: 7/17/2020, 6:23:00 PM: [AppController] Initializing query function.
info: 7/17/2020, 6:23:00 PM: [Query] Start query data.
info: 7/17/2020, 6:24:16 PM: [AppController] Initializing query function.
info: 7/17/2020, 6:24:16 PM: [Query] Start query data.
info: 7/17/2020, 6:24:20 PM: [AppController] Initializing query function.
info: 7/17/2020, 6:24:20 PM: [Query] Start query data.
info: 7/17/2020, 6:25:06 PM: [AppController] Initializing query function.
info: 7/17/2020, 6:25:06 PM: [Query] Start query data.
info: 7/17/2020, 6:25:06 PM: [Query] Query data successfully.
info: 7/17/2020, 6:25:20 PM: [AppController] Initializing query function.
info: 7/17/2020, 6:25:20 PM: [Query] Start query data.
info: 7/17/2020, 6:25:20 PM: [Query] Query data successfully.
info: 7/17/2020, 6:25:47 PM: [AppController] Initializing query function.
info: 7/17/2020, 6:25:47 PM: [Query] Start query data.
info: 7/17/2020, 6:25:47 PM: [Query] Query data successfully.
info: 7/17/2020, 6:26:10 PM: [AppController] Initializing query function.
info: 7/17/2020, 6:26:10 PM: [Query] Start query data.
info: 7/17/2020, 6:26:10 PM: [Query] Query data successfully.
info: 7/17/2020, 6:28:48 PM: [AppController] Initializing query function.
info: 7/17/2020, 6:28:48 PM: [Query] Start query data.
info: 7/17/2020, 6:29:46 PM: [AppController] Initializing query function.
info: 7/17/2020, 6:29:46 PM: [Query] Start query data.
info: 7/17/2020, 6:29:46 PM: [Query] Query data successfully.
info: 7/17/2020, 6:29:56 PM: [AppController] Initializing enroll admin function.
info: 7/17/2020, 6:29:56 PM: [EnrollAdmin] Start enroll admin.
info: An identity for the admin user "admin" already exists in the wallet
info: 7/17/2020, 6:29:56 PM: [AppController] Start Hello
info: 7/17/2020, 6:31:54 PM: [AppController] Initializing query function.
info: 7/17/2020, 6:31:54 PM: [Query] Start query data.
info: 7/17/2020, 6:32:27 PM: [AppController] Initializing query function.
info: 7/17/2020, 6:32:27 PM: [Query] Start query data.
info: 7/17/2020, 6:32:27 PM: [Query] Query data successfully.
info: 7/17/2020, 6:58:40 PM: [AppController] Initializing query function.
info: 7/17/2020, 6:58:40 PM: [Query] Start query data.
info: 7/17/2020, 6:58:40 PM: [Query] Query data successfully.
info: 7/17/2020, 6:59:56 PM: [AppController] Initializing invoke function.
info: 7/17/2020, 6:59:56 PM: [Invoke] Start invoke new data.
info: 7/17/2020, 7:00:33 PM: [AppController] Initializing invoke function.
info: 7/17/2020, 7:00:33 PM: [Invoke] Start invoke new data.
info: 7/17/2020, 7:00:36 PM: [Invoke] Invoke successful.
info: 7/17/2020, 7:00:51 PM: [AppController] Initializing query function.
info: 7/17/2020, 7:00:51 PM: [Query] Start query data.
info: 7/17/2020, 7:00:51 PM: [Query] Query data successfully.
info: 7/17/2020, 7:03:25 PM: [AppController] Initializing query function.
info: 7/17/2020, 7:03:25 PM: [Query] Start query data.
info: 7/17/2020, 7:03:25 PM: [Query] Query data successfully.
info: 7/17/2020, 7:04:57 PM: [AppController] Initializing invoke function.
info: 7/17/2020, 7:04:57 PM: [Invoke] Start invoke new data.
info: 7/17/2020, 7:04:59 PM: [Invoke] Invoke successful.
info: 7/17/2020, 7:05:09 PM: [AppController] Initializing query function.
info: 7/17/2020, 7:05:09 PM: [Query] Start query data.
info: 7/17/2020, 7:05:10 PM: [Query] Query data successfully.
info: 7/17/2020, 7:07:38 PM: [AppController] Initializing invoke function.
info: 7/17/2020, 7:07:38 PM: [Invoke] Start invoke new data.
info: 7/17/2020, 7:07:40 PM: [Invoke] Invoke successful.
info: 7/17/2020, 7:07:50 PM: [AppController] Initializing query function.
info: 7/17/2020, 7:07:50 PM: [Query] Start query data.
info: 7/17/2020, 7:07:50 PM: [Query] Query data successfully.
info: 7/17/2020, 7:14:42 PM: [AppController] Initializing query function.
info: 7/17/2020, 7:14:42 PM: [Query] Start query data.
info: 7/17/2020, 7:14:43 PM: [Query] Query data successfully.
info: 7/17/2020, 7:15:53 PM: [AppController] Initializing query function.
info: 7/17/2020, 7:15:53 PM: [Query] Start query data.
info: 7/17/2020, 7:15:53 PM: [Query] Query data successfully.
info: 7/17/2020, 7:16:18 PM: [AppController] Initializing query function.
info: 7/17/2020, 7:16:18 PM: [Query] Start query data.
info: 7/17/2020, 7:16:18 PM: [Query] Query data successfully.
info: 7/17/2020, 7:16:59 PM: [AppController] Initializing query function.
info: 7/17/2020, 7:16:59 PM: [Query] Start query data.
info: 7/17/2020, 7:16:59 PM: [Query] Query data successfully.
info: 7/17/2020, 7:17:43 PM: [AppController] Initializing query function.
info: 7/17/2020, 7:17:43 PM: [Query] Start query data.
info: 7/17/2020, 7:17:43 PM: [Query] Query data successfully.
info: 7/17/2020, 7:22:03 PM: [AppController] Initializing query function.
info: 7/17/2020, 7:22:03 PM: [Query] Start query data.
info: 7/17/2020, 7:22:03 PM: [Query] Query data successfully.
info: 7/17/2020, 7:25:47 PM: [AppController] Initializing query function.
info: 7/17/2020, 7:25:47 PM: [Query] Start query data.
info: 7/17/2020, 7:25:47 PM: [Query] Query data successfully.
info: 7/17/2020, 7:26:00 PM: [AppController] Initializing query function.
info: 7/17/2020, 7:26:00 PM: [Query] Start query data.
info: 7/17/2020, 7:26:00 PM: [Query] Query data successfully.
info: 7/17/2020, 7:26:10 PM: [AppController] Initializing query function.
info: 7/17/2020, 7:26:10 PM: [Query] Start query data.
info: 7/17/2020, 7:26:10 PM: [Query] Query data successfully.
info: 7/17/2020, 7:34:41 PM: [AppController] Initializing query function.
info: 7/17/2020, 7:34:41 PM: [Query] Start query data.
info: 7/17/2020, 7:34:41 PM: [Query] Query data successfully.
info: 7/17/2020, 7:36:54 PM: [AppController] Initializing query function.
info: 7/17/2020, 7:36:54 PM: [Query] Start query data.
info: 7/17/2020, 7:36:54 PM: [Query] Query data successfully.
info: 7/17/2020, 7:37:20 PM: [AppController] Initializing query function.
info: 7/17/2020, 7:37:20 PM: [Query] Start query data.
info: 7/17/2020, 7:37:20 PM: [Query] Query data successfully.
info: 7/17/2020, 7:37:53 PM: [AppController] Initializing query function.
info: 7/17/2020, 7:37:53 PM: [Query] Start query data.
info: 7/17/2020, 7:37:53 PM: [Query] Query data successfully.
info: 7/17/2020, 7:38:40 PM: [AppController] Initializing query function.
info: 7/17/2020, 7:38:40 PM: [Query] Start query data.
info: 7/17/2020, 7:38:40 PM: [Query] Query data successfully.
info: 7/17/2020, 7:39:04 PM: [AppController] Initializing query function.
info: 7/17/2020, 7:39:04 PM: [Query] Start query data.
info: 7/17/2020, 7:39:04 PM: [Query] Query data successfully.
info: 7/17/2020, 7:39:10 PM: [AppController] Initializing query function.
info: 7/17/2020, 7:39:10 PM: [Query] Start query data.
info: 7/17/2020, 7:39:10 PM: [Query] Query data successfully.
info: 7/17/2020, 7:39:13 PM: [AppController] Initializing query function.
info: 7/17/2020, 7:39:13 PM: [Query] Start query data.
info: 7/17/2020, 7:39:13 PM: [Query] Query data successfully.
info: 7/17/2020, 7:39:23 PM: [AppController] Initializing query function.
info: 7/17/2020, 7:39:23 PM: [Query] Start query data.
info: 7/17/2020, 7:39:23 PM: [Query] Query data successfully.
info: 7/17/2020, 7:50:01 PM: [AppController] Initializing query function.
info: 7/17/2020, 7:50:01 PM: [Query] Start query data.
info: 7/17/2020, 7:50:01 PM: [Query] Query data successfully.
info: 7/17/2020, 7:50:03 PM: [AppController] Initializing query function.
info: 7/17/2020, 7:50:03 PM: [Query] Start query data.
info: 7/17/2020, 7:50:03 PM: [Query] Query data successfully.
info: 7/17/2020, 7:50:03 PM: [AppController] Initializing query function.
info: 7/17/2020, 7:50:03 PM: [Query] Start query data.
info: 7/17/2020, 7:50:03 PM: [Query] Query data successfully.
info: 7/17/2020, 7:51:06 PM: [AppController] Initializing query function.
info: 7/17/2020, 7:51:06 PM: [Query] Start query data.
info: 7/17/2020, 7:51:06 PM: [Query] Query data successfully.
info: 7/17/2020, 7:51:06 PM: [AppController] Initializing query function.
info: 7/17/2020, 7:51:06 PM: [Query] Start query data.
info: 7/17/2020, 7:51:06 PM: [Query] Query data successfully.
info: 7/17/2020, 7:51:22 PM: [AppController] Initializing query function.
info: 7/17/2020, 7:51:22 PM: [Query] Start query data.
info: 7/17/2020, 7:51:22 PM: [Query] Query data successfully.
info: 7/17/2020, 7:51:22 PM: [AppController] Initializing query function.
info: 7/17/2020, 7:51:22 PM: [Query] Start query data.
info: 7/17/2020, 7:51:22 PM: [Query] Query data successfully.
info: 7/17/2020, 7:52:57 PM: [AppController] Initializing query function.
info: 7/17/2020, 7:52:57 PM: [Query] Start query data.
info: 7/17/2020, 7:52:57 PM: [Query] Query data successfully.
info: 7/17/2020, 7:53:09 PM: [AppController] Initializing query function.
info: 7/17/2020, 7:53:09 PM: [Query] Start query data.
info: 7/17/2020, 7:53:09 PM: [Query] Query data successfully.
info: 7/17/2020, 7:53:31 PM: [AppController] Initializing query function.
info: 7/17/2020, 7:53:31 PM: [Query] Start query data.
info: 7/17/2020, 7:53:31 PM: [Query] Query data successfully.
info: 7/17/2020, 7:53:33 PM: [AppController] Initializing invoke function.
info: 7/17/2020, 7:53:33 PM: [Invoke] Start invoke new data.
info: 7/17/2020, 7:53:36 PM: [Invoke] Invoke successful.
info: 7/17/2020, 7:53:36 PM: [AppController] Initializing query function.
info: 7/17/2020, 7:53:36 PM: [Query] Start query data.
info: 7/17/2020, 7:53:36 PM: [Query] Query data successfully.
info: 7/17/2020, 7:53:39 PM: [AppController] Initializing query function.
info: 7/17/2020, 7:53:39 PM: [Query] Start query data.
info: 7/17/2020, 7:53:39 PM: [Query] Query data successfully.
info: 7/17/2020, 8:01:23 PM: [AppController] Initializing query function.
info: 7/17/2020, 8:01:23 PM: [Query] Start query data.
info: 7/17/2020, 8:01:23 PM: [Query] Query data successfully.
info: 7/17/2020, 8:01:35 PM: [AppController] Initializing query function.
info: 7/17/2020, 8:01:35 PM: [Query] Start query data.
info: 7/17/2020, 8:01:36 PM: [Query] Query data successfully.
info: 7/17/2020, 8:02:17 PM: [AppController] Initializing invoke function.
info: 7/17/2020, 8:02:17 PM: [Invoke] Start invoke new data.
info: 7/17/2020, 8:02:19 PM: [Invoke] Invoke successful.
info: 7/17/2020, 8:02:19 PM: [AppController] Initializing query function.
info: 7/17/2020, 8:02:19 PM: [Query] Start query data.
info: 7/17/2020, 8:02:19 PM: [Query] Query data successfully.
info: 7/17/2020, 8:02:23 PM: [AppController] Initializing invoke function.
info: 7/17/2020, 8:02:23 PM: [Invoke] Start invoke new data.
info: 7/17/2020, 8:02:25 PM: [Invoke] Invoke successful.
info: 7/17/2020, 8:02:25 PM: [AppController] Initializing query function.
info: 7/17/2020, 8:02:25 PM: [Query] Start query data.
info: 7/17/2020, 8:02:25 PM: [Query] Query data successfully.
info: 7/17/2020, 8:02:47 PM: [AppController] Initializing query function.
info: 7/17/2020, 8:02:47 PM: [Query] Start query data.
info: 7/17/2020, 8:02:47 PM: [Query] Query data successfully.
info: 7/17/2020, 8:02:49 PM: [AppController] Initializing query function.
info: 7/17/2020, 8:02:49 PM: [Query] Start query data.
info: 7/17/2020, 8:02:49 PM: [Query] Query data successfully.
info: 7/17/2020, 8:02:52 PM: [AppController] Initializing query function.
info: 7/17/2020, 8:02:52 PM: [Query] Start query data.
info: 7/17/2020, 8:02:52 PM: [Query] Query data successfully.
info: 7/17/2020, 8:02:52 PM: [AppController] Initializing query function.
info: 7/17/2020, 8:02:52 PM: [Query] Start query data.
info: 7/17/2020, 8:02:52 PM: [Query] Query data successfully.
info: 7/17/2020, 8:03:02 PM: [AppController] Initializing query function.
info: 7/17/2020, 8:03:02 PM: [Query] Start query data.
info: 7/17/2020, 8:03:02 PM: [Query] Query data successfully.
info: 7/17/2020, 8:03:03 PM: [AppController] Initializing query function.
info: 7/17/2020, 8:03:03 PM: [Query] Start query data.
info: 7/17/2020, 8:03:03 PM: [Query] Query data successfully.
info: 7/17/2020, 8:03:03 PM: [AppController] Initializing query function.
info: 7/17/2020, 8:03:03 PM: [Query] Start query data.
info: 7/17/2020, 8:03:03 PM: [Query] Query data successfully.
info: 7/17/2020, 8:04:00 PM: [AppController] Initializing query function.
info: 7/17/2020, 8:04:00 PM: [Query] Start query data.
info: 7/17/2020, 8:04:01 PM: [Query] Query data successfully.
info: 7/17/2020, 8:04:01 PM: [AppController] Initializing query function.
info: 7/17/2020, 8:04:01 PM: [Query] Start query data.
info: 7/17/2020, 8:04:02 PM: [Query] Query data successfully.
info: 7/17/2020, 8:04:02 PM: [AppController] Initializing query function.
info: 7/17/2020, 8:04:02 PM: [Query] Start query data.
info: 7/17/2020, 8:04:02 PM: [Query] Query data successfully.
info: 7/17/2020, 8:05:51 PM: [AppController] Initializing query function.
info: 7/17/2020, 8:05:51 PM: [Query] Start query data.
info: 7/17/2020, 8:05:51 PM: [Query] Query data successfully.
info: 7/17/2020, 8:05:53 PM: [AppController] Initializing query function.
info: 7/17/2020, 8:05:53 PM: [Query] Start query data.
info: 7/17/2020, 8:05:54 PM: [Query] Query data successfully.
info: 7/17/2020, 8:05:54 PM: [AppController] Initializing invoke function.
info: 7/17/2020, 8:05:54 PM: [Invoke] Start invoke new data.
info: 7/17/2020, 8:05:57 PM: [Invoke] Invoke successful.
info: 7/17/2020, 8:05:57 PM: [AppController] Initializing query function.
info: 7/17/2020, 8:05:57 PM: [Query] Start query data.
info: 7/17/2020, 8:05:57 PM: [Query] Query data successfully.
info: 7/17/2020, 8:05:57 PM: [AppController] Initializing query function.
info: 7/17/2020, 8:05:57 PM: [Query] Start query data.
info: 7/17/2020, 8:05:57 PM: [Query] Query data successfully.
info: 7/17/2020, 8:05:58 PM: [AppController] Initializing query function.
info: 7/17/2020, 8:05:58 PM: [Query] Start query data.
info: 7/17/2020, 8:05:59 PM: [Query] Query data successfully.
info: 7/17/2020, 8:06:26 PM: [AppController] Initializing invoke function.
info: 7/17/2020, 8:06:26 PM: [Invoke] Start invoke new data.
info: 7/17/2020, 8:06:28 PM: [Invoke] Invoke successful.
info: 7/17/2020, 8:06:28 PM: [AppController] Initializing query function.
info: 7/17/2020, 8:06:28 PM: [Query] Start query data.
info: 7/17/2020, 8:06:29 PM: [Query] Query data successfully.
info: 7/17/2020, 8:07:39 PM: [AppController] Initializing query function.
info: 7/17/2020, 8:07:39 PM: [Query] Start query data.
info: 7/17/2020, 8:07:40 PM: [Query] Query data successfully.
info: 7/17/2020, 8:07:42 PM: [AppController] Initializing invoke function.
info: 7/17/2020, 8:07:42 PM: [Invoke] Start invoke new data.
info: 7/17/2020, 8:07:44 PM: [Invoke] Invoke successful.
info: 7/17/2020, 8:07:44 PM: [AppController] Initializing query function.
info: 7/17/2020, 8:07:44 PM: [Query] Start query data.
info: 7/17/2020, 8:07:44 PM: [Query] Query data successfully.
info: 7/17/2020, 8:07:46 PM: [AppController] Initializing invoke function.
info: 7/17/2020, 8:07:46 PM: [Invoke] Start invoke new data.
info: 7/17/2020, 8:07:48 PM: [Invoke] Invoke successful.
info: 7/17/2020, 8:07:48 PM: [AppController] Initializing query function.
info: 7/17/2020, 8:07:48 PM: [Query] Start query data.
info: 7/17/2020, 8:07:48 PM: [Query] Query data successfully.
info: 7/17/2020, 8:08:13 PM: [AppController] Initializing query function.
info: 7/17/2020, 8:08:13 PM: [Query] Start query data.
info: 7/17/2020, 8:08:13 PM: [Query] Query data successfully.
info: 7/17/2020, 8:09:45 PM: [AppController] Initializing query function.
info: 7/17/2020, 8:09:45 PM: [Query] Start query data.
info: 7/17/2020, 8:09:45 PM: [Query] Query data successfully.
info: 7/17/2020, 8:09:46 PM: [AppController] Initializing invoke function.
info: 7/17/2020, 8:09:46 PM: [Invoke] Start invoke new data.
info: 7/17/2020, 8:09:48 PM: [Invoke] Invoke successful.
info: 7/17/2020, 8:09:48 PM: [AppController] Initializing query function.
info: 7/17/2020, 8:09:48 PM: [Query] Start query data.
info: 7/17/2020, 8:09:48 PM: [Query] Query data successfully.
info: 7/17/2020, 8:10:20 PM: [AppController] Initializing invoke function.
info: 7/17/2020, 8:10:20 PM: [Invoke] Start invoke new data.
info: 7/17/2020, 8:10:22 PM: [Invoke] Invoke successful.
info: 7/17/2020, 8:10:22 PM: [AppController] Initializing query function.
info: 7/17/2020, 8:10:22 PM: [Query] Start query data.
info: 7/17/2020, 8:10:23 PM: [Query] Query data successfully.
info: 7/17/2020, 8:11:26 PM: [AppController] Initializing invoke function.
info: 7/17/2020, 8:11:26 PM: [Invoke] Start invoke new data.
info: 7/17/2020, 8:11:28 PM: [Invoke] Invoke successful.
info: 7/17/2020, 8:11:28 PM: [AppController] Initializing query function.
info: 7/17/2020, 8:11:28 PM: [Query] Start query data.
info: 7/17/2020, 8:11:28 PM: [Query] Query data successfully.
info: 7/17/2020, 8:11:37 PM: [AppController] Initializing invoke function.
info: 7/17/2020, 8:11:37 PM: [Invoke] Start invoke new data.
info: 7/17/2020, 8:11:39 PM: [Invoke] Invoke successful.
info: 7/17/2020, 8:11:39 PM: [AppController] Initializing query function.
info: 7/17/2020, 8:11:39 PM: [Query] Start query data.
info: 7/17/2020, 8:11:39 PM: [Query] Query data successfully.
info: 7/17/2020, 8:12:00 PM: [AppController] Initializing invoke function.
info: 7/17/2020, 8:12:00 PM: [Invoke] Start invoke new data.
info: 7/17/2020, 8:12:03 PM: [Invoke] Invoke successful.
info: 7/17/2020, 8:12:03 PM: [AppController] Initializing query function.
info: 7/17/2020, 8:12:03 PM: [Query] Start query data.
info: 7/17/2020, 8:12:03 PM: [Query] Query data successfully.
info: 7/17/2020, 8:12:04 PM: [AppController] Initializing query function.
info: 7/17/2020, 8:12:04 PM: [Query] Start query data.
info: 7/17/2020, 8:12:04 PM: [Query] Query data successfully.
info: 7/17/2020, 8:16:24 PM: [AppController] Initializing query function.
info: 7/17/2020, 8:16:24 PM: [Query] Start query data.
info: 7/17/2020, 8:16:25 PM: [Query] Query data successfully.
info: 7/17/2020, 8:16:27 PM: [AppController] Initializing invoke function.
info: 7/17/2020, 8:16:27 PM: [Invoke] Start invoke new data.
info: 7/17/2020, 8:16:29 PM: [Invoke] Invoke successful.
info: 7/17/2020, 8:16:29 PM: [AppController] Initializing query function.
info: 7/17/2020, 8:16:29 PM: [Query] Start query data.
info: 7/17/2020, 8:16:29 PM: [Query] Query data successfully.
info: 7/17/2020, 8:17:28 PM: [AppController] Initializing query function.
info: 7/17/2020, 8:17:28 PM: [Query] Start query data.
info: 7/17/2020, 8:17:28 PM: [Query] Query data successfully.
info: 7/17/2020, 8:17:47 PM: [AppController] Initializing query function.
info: 7/17/2020, 8:17:47 PM: [Query] Start query data.
info: 7/17/2020, 8:17:47 PM: [Query] Query data successfully.
info: 7/17/2020, 8:17:47 PM: [AppController] Initializing query function.
info: 7/17/2020, 8:17:47 PM: [Query] Start query data.
info: 7/17/2020, 8:17:47 PM: [Query] Query data successfully.
info: 7/17/2020, 8:17:48 PM: [AppController] Initializing query function.
info: 7/17/2020, 8:17:48 PM: [Query] Start query data.
info: 7/17/2020, 8:17:48 PM: [Query] Query data successfully.
info: 7/17/2020, 8:18:16 PM: [AppController] Initializing query function.
info: 7/17/2020, 8:18:16 PM: [Query] Start query data.
info: 7/17/2020, 8:18:16 PM: [Query] Query data successfully.
info: 7/17/2020, 8:18:18 PM: [AppController] Initializing invoke function.
info: 7/17/2020, 8:18:18 PM: [Invoke] Start invoke new data.
info: 7/17/2020, 8:18:20 PM: [Invoke] Invoke successful.
info: 7/17/2020, 8:18:20 PM: [AppController] Initializing query function.
info: 7/17/2020, 8:18:20 PM: [Query] Start query data.
info: 7/17/2020, 8:18:20 PM: [Query] Query data successfully.
info: 7/17/2020, 8:18:40 PM: [AppController] Initializing query function.
info: 7/17/2020, 8:18:40 PM: [Query] Start query data.
info: 7/17/2020, 8:18:40 PM: [Query] Query data successfully.
info: 7/17/2020, 8:18:41 PM: [AppController] Initializing invoke function.
info: 7/17/2020, 8:18:41 PM: [Invoke] Start invoke new data.
info: 7/17/2020, 8:18:43 PM: [Invoke] Invoke successful.
info: 7/17/2020, 8:18:43 PM: [AppController] Initializing query function.
info: 7/17/2020, 8:18:43 PM: [Query] Start query data.
info: 7/17/2020, 8:18:43 PM: [Query] Query data successfully.
info: 7/17/2020, 8:18:45 PM: [AppController] Initializing invoke function.
info: 7/17/2020, 8:18:45 PM: [Invoke] Start invoke new data.
info: 7/17/2020, 8:18:47 PM: [Invoke] Invoke successful.
info: 7/17/2020, 8:18:47 PM: [AppController] Initializing query function.
info: 7/17/2020, 8:18:47 PM: [Query] Start query data.
info: 7/17/2020, 8:18:47 PM: [Query] Query data successfully.
info: 7/17/2020, 8:19:02 PM: [AppController] Initializing invoke function.
info: 7/17/2020, 8:19:02 PM: [Invoke] Start invoke new data.
info: 7/17/2020, 8:19:04 PM: [Invoke] Invoke successful.
info: 7/17/2020, 8:19:04 PM: [AppController] Initializing query function.
info: 7/17/2020, 8:19:04 PM: [Query] Start query data.
info: 7/17/2020, 8:19:04 PM: [Query] Query data successfully.
info: 7/17/2020, 8:19:06 PM: [AppController] Initializing query function.
info: 7/17/2020, 8:19:06 PM: [Query] Start query data.
info: 7/17/2020, 8:19:06 PM: [Query] Query data successfully.
info: 7/17/2020, 8:19:07 PM: [AppController] Initializing query function.
info: 7/17/2020, 8:19:07 PM: [Query] Start query data.
info: 7/17/2020, 8:19:07 PM: [Query] Query data successfully.
info: 7/17/2020, 8:19:07 PM: [AppController] Initializing query function.
info: 7/17/2020, 8:19:07 PM: [Query] Start query data.
info: 7/17/2020, 8:19:07 PM: [Query] Query data successfully.
info: 7/17/2020, 8:19:18 PM: [AppController] Initializing invoke function.
info: 7/17/2020, 8:19:18 PM: [Invoke] Start invoke new data.
info: 7/17/2020, 8:19:20 PM: [Invoke] Invoke successful.
info: 7/17/2020, 8:19:20 PM: [AppController] Initializing query function.
info: 7/17/2020, 8:19:20 PM: [Query] Start query data.
info: 7/17/2020, 8:19:20 PM: [Query] Query data successfully.
info: 7/17/2020, 8:19:31 PM: [AppController] Initializing invoke function.
info: 7/17/2020, 8:19:31 PM: [Invoke] Start invoke new data.
info: 7/17/2020, 8:19:33 PM: [Invoke] Invoke successful.
info: 7/17/2020, 8:19:33 PM: [AppController] Initializing query function.
info: 7/17/2020, 8:19:33 PM: [Query] Start query data.
info: 7/17/2020, 8:19:33 PM: [Query] Query data successfully.
info: 7/17/2020, 8:19:53 PM: [AppController] Initializing query function.
info: 7/17/2020, 8:19:53 PM: [Query] Start query data.
info: 7/17/2020, 8:19:53 PM: [Query] Query data successfully.
info: 7/17/2020, 8:19:54 PM: [AppController] Initializing invoke function.
info: 7/17/2020, 8:19:54 PM: [Invoke] Start invoke new data.
info: 7/17/2020, 8:19:57 PM: [Invoke] Invoke successful.
info: 7/17/2020, 8:19:57 PM: [AppController] Initializing query function.
info: 7/17/2020, 8:19:57 PM: [Query] Start query data.
info: 7/17/2020, 8:19:57 PM: [Query] Query data successfully.
info: 7/17/2020, 8:20:15 PM: [AppController] Initializing query function.
info: 7/17/2020, 8:20:15 PM: [Query] Start query data.
info: 7/17/2020, 8:20:15 PM: [Query] Query data successfully.
info: 7/17/2020, 8:20:16 PM: [AppController] Initializing invoke function.
info: 7/17/2020, 8:20:16 PM: [Invoke] Start invoke new data.
info: 7/17/2020, 8:20:19 PM: [Invoke] Invoke successful.
info: 7/17/2020, 8:20:19 PM: [AppController] Initializing query function.
info: 7/17/2020, 8:20:19 PM: [Query] Start query data.
info: 7/17/2020, 8:20:19 PM: [Query] Query data successfully.
info: 7/17/2020, 8:20:21 PM: [AppController] Initializing invoke function.
info: 7/17/2020, 8:20:21 PM: [Invoke] Start invoke new data.
info: 7/17/2020, 8:20:23 PM: [Invoke] Invoke successful.
info: 7/17/2020, 8:20:23 PM: [AppController] Initializing query function.
info: 7/17/2020, 8:20:23 PM: [Query] Start query data.
info: 7/17/2020, 8:20:23 PM: [Query] Query data successfully.
info: 7/17/2020, 8:20:27 PM: [AppController] Initializing invoke function.
info: 7/17/2020, 8:20:27 PM: [Invoke] Start invoke new data.
info: 7/17/2020, 8:20:30 PM: [Invoke] Invoke successful.
info: 7/17/2020, 8:20:30 PM: [AppController] Initializing query function.
info: 7/17/2020, 8:20:30 PM: [Query] Start query data.
info: 7/17/2020, 8:20:30 PM: [Query] Query data successfully.
info: 7/17/2020, 8:21:04 PM: [AppController] Initializing invoke function.
info: 7/17/2020, 8:21:04 PM: [Invoke] Start invoke new data.
info: 7/17/2020, 8:21:06 PM: [Invoke] Invoke successful.
info: 7/17/2020, 8:21:06 PM: [AppController] Initializing query function.
info: 7/17/2020, 8:21:06 PM: [Query] Start query data.
info: 7/17/2020, 8:21:06 PM: [Query] Query data successfully.
info: 7/17/2020, 8:21:17 PM: [AppController] Initializing invoke function.
info: 7/17/2020, 8:21:17 PM: [Invoke] Start invoke new data.
info: 7/17/2020, 8:21:19 PM: [Invoke] Invoke successful.
info: 7/17/2020, 8:21:19 PM: [AppController] Initializing query function.
info: 7/17/2020, 8:21:19 PM: [Query] Start query data.
info: 7/17/2020, 8:21:19 PM: [Query] Query data successfully.
info: 7/17/2020, 8:21:22 PM: [AppController] Initializing invoke function.
info: 7/17/2020, 8:21:22 PM: [Invoke] Start invoke new data.
info: 7/17/2020, 8:21:24 PM: [Invoke] Invoke successful.
info: 7/17/2020, 8:21:24 PM: [AppController] Initializing query function.
info: 7/17/2020, 8:21:24 PM: [Query] Start query data.
info: 7/17/2020, 8:21:24 PM: [Query] Query data successfully.
info: 7/17/2020, 8:21:25 PM: [AppController] Initializing invoke function.
info: 7/17/2020, 8:21:25 PM: [Invoke] Start invoke new data.
info: 7/17/2020, 8:21:27 PM: [Invoke] Invoke successful.
info: 7/17/2020, 8:21:28 PM: [AppController] Initializing query function.
info: 7/17/2020, 8:21:28 PM: [Query] Start query data.
info: 7/17/2020, 8:21:28 PM: [Query] Query data successfully.
info: 7/17/2020, 8:21:49 PM: [AppController] Initializing invoke function.
info: 7/17/2020, 8:21:49 PM: [Invoke] Start invoke new data.
info: 7/17/2020, 8:21:51 PM: [Invoke] Invoke successful.
info: 7/17/2020, 8:21:51 PM: [AppController] Initializing query function.
info: 7/17/2020, 8:21:51 PM: [Query] Start query data.
info: 7/17/2020, 8:21:51 PM: [Query] Query data successfully.
info: 7/17/2020, 8:22:28 PM: [AppController] Initializing query function.
info: 7/17/2020, 8:22:28 PM: [Query] Start query data.
info: 7/17/2020, 8:22:28 PM: [Query] Query data successfully.
info: 7/17/2020, 8:22:30 PM: [AppController] Initializing invoke function.
info: 7/17/2020, 8:22:30 PM: [Invoke] Start invoke new data.
info: 7/17/2020, 8:22:32 PM: [Invoke] Invoke successful.
info: 7/17/2020, 8:22:32 PM: [AppController] Initializing query function.
info: 7/17/2020, 8:22:32 PM: [Query] Start query data.
info: 7/17/2020, 8:22:32 PM: [Query] Query data successfully.
info: 7/17/2020, 8:22:56 PM: [AppController] Initializing invoke function.
info: 7/17/2020, 8:22:56 PM: [Invoke] Start invoke new data.
info: 7/17/2020, 8:22:58 PM: [Invoke] Invoke successful.
info: 7/17/2020, 8:22:58 PM: [AppController] Initializing query function.
info: 7/17/2020, 8:22:58 PM: [Query] Start query data.
info: 7/17/2020, 8:22:58 PM: [Query] Query data successfully.
info: 7/17/2020, 8:23:05 PM: [AppController] Initializing invoke function.
info: 7/17/2020, 8:23:05 PM: [Invoke] Start invoke new data.
info: 7/17/2020, 8:23:07 PM: [Invoke] Invoke successful.
info: 7/17/2020, 8:23:07 PM: [AppController] Initializing query function.
info: 7/17/2020, 8:23:07 PM: [Query] Start query data.
info: 7/17/2020, 8:23:07 PM: [Query] Query data successfully.
info: 7/17/2020, 8:23:23 PM: [AppController] Initializing invoke function.
info: 7/17/2020, 8:23:23 PM: [Invoke] Start invoke new data.
info: 7/17/2020, 8:23:25 PM: [Invoke] Invoke successful.
info: 7/17/2020, 8:23:25 PM: [AppController] Initializing query function.
info: 7/17/2020, 8:23:25 PM: [Query] Start query data.
info: 7/17/2020, 8:23:25 PM: [Query] Query data successfully.
info: 7/17/2020, 8:23:48 PM: [AppController] Initializing invoke function.
info: 7/17/2020, 8:23:48 PM: [Invoke] Start invoke new data.
info: 7/17/2020, 8:23:50 PM: [Invoke] Invoke successful.
info: 7/17/2020, 8:23:50 PM: [AppController] Initializing query function.
info: 7/17/2020, 8:23:50 PM: [Query] Start query data.
info: 7/17/2020, 8:23:50 PM: [Query] Query data successfully.
info: 7/17/2020, 8:24:29 PM: [AppController] Initializing invoke function.
info: 7/17/2020, 8:24:29 PM: [Invoke] Start invoke new data.
info: 7/17/2020, 8:24:31 PM: [Invoke] Invoke successful.
info: 7/17/2020, 8:24:31 PM: [AppController] Initializing query function.
info: 7/17/2020, 8:24:31 PM: [Query] Start query data.
info: 7/17/2020, 8:24:31 PM: [Query] Query data successfully.
info: 7/17/2020, 8:24:35 PM: [AppController] Initializing invoke function.
info: 7/17/2020, 8:24:35 PM: [Invoke] Start invoke new data.
info: 7/17/2020, 8:24:38 PM: [Invoke] Invoke successful.
info: 7/17/2020, 8:24:38 PM: [AppController] Initializing query function.
info: 7/17/2020, 8:24:38 PM: [Query] Start query data.
info: 7/17/2020, 8:24:38 PM: [Query] Query data successfully.
info: 7/17/2020, 8:24:40 PM: [AppController] Initializing invoke function.
info: 7/17/2020, 8:24:40 PM: [Invoke] Start invoke new data.
info: 7/17/2020, 8:24:42 PM: [Invoke] Invoke successful.
info: 7/17/2020, 8:24:42 PM: [AppController] Initializing query function.
info: 7/17/2020, 8:24:42 PM: [Query] Start query data.
info: 7/17/2020, 8:24:43 PM: [Query] Query data successfully.
info: 7/17/2020, 8:25:07 PM: [AppController] Initializing query function.
info: 7/17/2020, 8:25:07 PM: [Query] Start query data.
info: 7/17/2020, 8:25:07 PM: [Query] Query data successfully.
info: 7/17/2020, 8:25:11 PM: [AppController] Initializing invoke function.
info: 7/17/2020, 8:25:11 PM: [Invoke] Start invoke new data.
info: 7/17/2020, 8:25:13 PM: [Invoke] Invoke successful.
info: 7/17/2020, 8:25:13 PM: [AppController] Initializing query function.
info: 7/17/2020, 8:25:13 PM: [Query] Start query data.
info: 7/17/2020, 8:25:13 PM: [Query] Query data successfully.
info: 7/17/2020, 8:25:17 PM: [AppController] Initializing invoke function.
info: 7/17/2020, 8:25:17 PM: [Invoke] Start invoke new data.
info: 7/17/2020, 8:25:19 PM: [Invoke] Invoke successful.
info: 7/17/2020, 8:25:19 PM: [AppController] Initializing query function.
info: 7/17/2020, 8:25:19 PM: [Query] Start query data.
info: 7/17/2020, 8:25:19 PM: [Query] Query data successfully.
info: 7/17/2020, 8:28:12 PM: [AppController] Initializing query function.
info: 7/17/2020, 8:28:12 PM: [Query] Start query data.
info: 7/17/2020, 8:28:12 PM: [Query] Query data successfully.
info: 7/17/2020, 8:29:06 PM: [AppController] Initializing query function.
info: 7/17/2020, 8:29:06 PM: [Query] Start query data.
info: 7/17/2020, 8:29:06 PM: [Query] Query data successfully.
info: 7/17/2020, 8:30:16 PM: [AppController] Initializing query function.
info: 7/17/2020, 8:30:16 PM: [Query] Start query data.
info: 7/17/2020, 8:30:16 PM: [Query] Query data successfully.
info: 7/17/2020, 8:30:32 PM: [AppController] Initializing query function.
info: 7/17/2020, 8:30:32 PM: [Query] Start query data.
info: 7/17/2020, 8:30:32 PM: [Query] Query data successfully.
info: 7/17/2020, 8:30:34 PM: [AppController] Initializing invoke function.
info: 7/17/2020, 8:30:34 PM: [Invoke] Start invoke new data.
info: 7/17/2020, 8:30:37 PM: [Invoke] Invoke successful.
info: 7/17/2020, 8:30:37 PM: [AppController] Initializing query function.
info: 7/17/2020, 8:30:37 PM: [Query] Start query data.
info: 7/17/2020, 8:30:37 PM: [Query] Query data successfully.
info: 7/17/2020, 8:30:51 PM: [AppController] Initializing query function.
info: 7/17/2020, 8:30:51 PM: [Query] Start query data.
info: 7/17/2020, 8:30:51 PM: [Query] Query data successfully.
info: 7/17/2020, 8:30:55 PM: [AppController] Initializing query function.
info: 7/17/2020, 8:30:55 PM: [Query] Start query data.
info: 7/17/2020, 8:30:55 PM: [Query] Query data successfully.
info: 7/17/2020, 8:31:05 PM: [AppController] Initializing query function.
info: 7/17/2020, 8:31:05 PM: [Query] Start query data.
info: 7/17/2020, 8:31:05 PM: [Query] Query data successfully.
info: 7/17/2020, 8:31:12 PM: [AppController] Initializing query function.
info: 7/17/2020, 8:31:12 PM: [Query] Start query data.
info: 7/17/2020, 8:31:12 PM: [Query] Query data successfully.
info: 7/17/2020, 8:31:19 PM: [AppController] Initializing query function.
info: 7/17/2020, 8:31:19 PM: [Query] Start query data.
info: 7/17/2020, 8:31:19 PM: [Query] Query data successfully.
info: 7/17/2020, 8:32:17 PM: [AppController] Initializing query function.
info: 7/17/2020, 8:32:17 PM: [Query] Start query data.
info: 7/17/2020, 8:32:17 PM: [Query] Query data successfully.
info: 7/17/2020, 8:32:20 PM: [AppController] Initializing invoke function.
info: 7/17/2020, 8:32:20 PM: [Invoke] Start invoke new data.
info: 7/17/2020, 8:32:23 PM: [Invoke] Invoke successful.
info: 7/17/2020, 8:32:23 PM: [AppController] Initializing query function.
info: 7/17/2020, 8:32:23 PM: [Query] Start query data.
info: 7/17/2020, 8:32:23 PM: [Query] Query data successfully.
info: 7/17/2020, 8:32:24 PM: [AppController] Initializing invoke function.
info: 7/17/2020, 8:32:24 PM: [Invoke] Start invoke new data.
info: 7/17/2020, 8:32:26 PM: [Invoke] Invoke successful.
info: 7/17/2020, 8:32:26 PM: [AppController] Initializing query function.
info: 7/17/2020, 8:32:26 PM: [Query] Start query data.
info: 7/17/2020, 8:32:26 PM: [Query] Query data successfully.
info: 7/17/2020, 8:47:47 PM: [AppController] Initializing query function.
info: 7/17/2020, 8:47:47 PM: [Query] Start query data.
info: 7/17/2020, 8:47:48 PM: [Query] Query data successfully.
info: 7/17/2020, 8:48:22 PM: [AppController] Initializing invoke function.
info: 7/17/2020, 8:48:22 PM: [Invoke] Start invoke new data.
info: 7/17/2020, 8:48:24 PM: [Invoke] Invoke successful.
info: 7/17/2020, 8:48:24 PM: [AppController] Initializing query function.
info: 7/17/2020, 8:48:24 PM: [Query] Start query data.
info: 7/17/2020, 8:48:24 PM: [Query] Query data successfully.
info: 7/17/2020, 8:48:35 PM: [AppController] Initializing invoke function.
info: 7/17/2020, 8:48:35 PM: [Invoke] Start invoke new data.
info: 7/17/2020, 8:48:37 PM: [Invoke] Invoke successful.
info: 7/17/2020, 8:48:37 PM: [AppController] Initializing query function.
info: 7/17/2020, 8:48:37 PM: [Query] Start query data.
info: 7/17/2020, 8:48:37 PM: [Query] Query data successfully.
info: 7/17/2020, 8:50:20 PM: [AppController] Initializing invoke function.
info: 7/17/2020, 8:50:20 PM: [Invoke] Start invoke new data.
info: 7/17/2020, 8:50:22 PM: [Invoke] Invoke successful.
info: 7/17/2020, 8:50:22 PM: [AppController] Initializing query function.
info: 7/17/2020, 8:50:22 PM: [Query] Start query data.
info: 7/17/2020, 8:50:22 PM: [Query] Query data successfully.
info: 7/17/2020, 8:50:23 PM: [AppController] Initializing query function.
info: 7/17/2020, 8:50:23 PM: [Query] Start query data.
info: 7/17/2020, 8:50:23 PM: [Query] Query data successfully.
info: 7/17/2020, 8:50:28 PM: [AppController] Initializing invoke function.
info: 7/17/2020, 8:50:28 PM: [Invoke] Start invoke new data.
info: 7/17/2020, 8:50:30 PM: [Invoke] Invoke successful.
info: 7/17/2020, 8:50:30 PM: [AppController] Initializing query function.
info: 7/17/2020, 8:50:30 PM: [Query] Start query data.
info: 7/17/2020, 8:50:30 PM: [Query] Query data successfully.
info: 7/17/2020, 8:50:30 PM: [AppController] Initializing query function.
info: 7/17/2020, 8:50:30 PM: [Query] Start query data.
info: 7/17/2020, 8:50:31 PM: [Query] Query data successfully.
info: 7/17/2020, 8:50:32 PM: [AppController] Initializing invoke function.
info: 7/17/2020, 8:50:32 PM: [Invoke] Start invoke new data.
info: 7/17/2020, 8:50:35 PM: [Invoke] Invoke successful.
info: 7/17/2020, 8:50:35 PM: [AppController] Initializing query function.
info: 7/17/2020, 8:50:35 PM: [Query] Start query data.
info: 7/17/2020, 8:50:35 PM: [Query] Query data successfully.
info: 7/17/2020, 8:57:47 PM: [AppController] Initializing invoke function.
info: 7/17/2020, 8:57:47 PM: [Invoke] Start invoke new data.
info: 7/17/2020, 8:57:49 PM: [Invoke] Invoke successful.
info: 7/17/2020, 8:57:49 PM: [AppController] Initializing query function.
info: 7/17/2020, 8:57:49 PM: [Query] Start query data.
info: 7/17/2020, 8:57:49 PM: [Query] Query data successfully.
info: 7/17/2020, 8:57:52 PM: [AppController] Initializing invoke function.
info: 7/17/2020, 8:57:52 PM: [Invoke] Start invoke new data.
info: 7/17/2020, 8:57:54 PM: [Invoke] Invoke successful.
info: 7/17/2020, 8:57:54 PM: [AppController] Initializing query function.
info: 7/17/2020, 8:57:54 PM: [Query] Start query data.
info: 7/17/2020, 8:57:54 PM: [Query] Query data successfully.
info: 7/17/2020, 8:57:55 PM: [AppController] Initializing invoke function.
info: 7/17/2020, 8:57:55 PM: [Invoke] Start invoke new data.
info: 7/17/2020, 8:57:57 PM: [Invoke] Invoke successful.
info: 7/17/2020, 8:57:57 PM: [AppController] Initializing query function.
info: 7/17/2020, 8:57:57 PM: [Query] Start query data.
info: 7/17/2020, 8:57:58 PM: [Query] Query data successfully.
info: 7/20/2020, 7:15:26 PM: [AppController] Initializing enroll admin function.
info: 7/20/2020, 7:15:26 PM: [EnrollAdmin] Start enroll admin.
info: 7/20/2020, 7:15:26 PM: [EnrollAdmin] Successfully enrolled admin user "admin" and imported it into the wallet.
info: 7/20/2020, 7:15:26 PM: [AppController] Start Hello
info: Successfully enrolled admin user "admin" and imported it into the wallet
info: 7/20/2020, 7:18:13 PM: [AppController] Initializing query function.
info: 7/20/2020, 7:18:13 PM: [Query] Start query data.
info: 7/20/2020, 7:18:13 PM: [Query] Query data successfully.
info: 7/20/2020, 7:18:43 PM: [AppController] Initializing invoke function.
info: 7/20/2020, 7:18:43 PM: [Invoke] Start invoke new data.
info: 7/20/2020, 7:19:07 PM: [AppController] Initializing query function.
info: 7/20/2020, 7:19:07 PM: [Query] Start query data.
info: 7/20/2020, 7:19:07 PM: [Query] Query data successfully.
info: 7/20/2020, 7:19:15 PM: [AppController] Initializing invoke function.
info: 7/20/2020, 7:19:15 PM: [Invoke] Start invoke new data.
info: 7/20/2020, 7:19:18 PM: [Invoke] Invoke successful.
info: 7/20/2020, 7:19:18 PM: [AppController] Initializing query function.
info: 7/20/2020, 7:19:18 PM: [Query] Start query data.
info: 7/20/2020, 7:19:18 PM: [Query] Query data successfully.
info: 7/20/2020, 7:19:20 PM: [AppController] Initializing query function.
info: 7/20/2020, 7:19:20 PM: [Query] Start query data.
info: 7/20/2020, 7:19:20 PM: [Query] Query data successfully.
info: 7/20/2020, 7:19:22 PM: [AppController] Initializing invoke function.
info: 7/20/2020, 7:19:22 PM: [Invoke] Start invoke new data.
info: 7/20/2020, 7:19:38 PM: [AppController] Initializing query function.
info: 7/20/2020, 7:19:38 PM: [Query] Start query data.
info: 7/20/2020, 7:19:38 PM: [Query] Query data successfully.
info: 7/20/2020, 7:19:44 PM: [AppController] Initializing invoke function.
info: 7/20/2020, 7:19:44 PM: [Invoke] Start invoke new data.
